<?xml version="1.0" encoding="UTF-8"?>
<!-- Generated by org.testng.reporters.JUnitReportReporter -->
<testsuite hostname="LAPTOP-VAHD59TG" failures="0" tests="1" name="Worldline.task_5.AppTest" time="0.011" errors="0" timestamp="2024-03-28T19:39:11 IST" skipped="0">
  <testcase classname="Worldline.task_5.AppTest" name="testprint" time="0.011"/>
</testsuite> <!-- Worldline.task_5.AppTest -->
